Starting the task of `offensiveness detection`...

==========
The timestamp of this experiment: 17449630085477865
==========

Epoch [1/200]
Train Loss:  0.99,  Val Loss:  0.72,  Val Acc: 73.81%,
*Val Macro Avg F1-Score:  0.2123,  Time: 0:00:03
Best Val Macro Avg F1-Score Update!

Mode of test;  Loss:   0.7,  Acc: 77.21%,  Weighted-F1: 67.29%
Precision, Recall and F1-Score...
              precision    recall  f1-score   support

     Class 0     0.7721    1.0000    0.8714       593
     Class 1     0.0000    0.0000    0.0000       143
     Class 2     0.0000    0.0000    0.0000        25
     Class 3     0.0000    0.0000    0.0000         7

    accuracy                         0.7721       768
   macro avg     0.1930    0.2500    0.2179       768
weighted avg     0.5962    0.7721    0.6729       768

Confusion Matrix...
[[593   0   0   0]
 [143   0   0   0]
 [ 25   0   0   0]
 [  7   0   0   0]]
Time usage: 0:00:00
==========

Epoch [2/200]
Train Loss:   0.7,  Val Loss:  0.68,  Val Acc: 73.81%,
*Val Macro Avg F1-Score:  0.2123,  Time: 0:00:05
==========

Epoch [3/200]
Train Loss:  0.68,  Val Loss:   0.7,  Val Acc: 73.81%,
*Val Macro Avg F1-Score:  0.2123,  Time: 0:00:06
==========

Epoch [4/200]
Train Loss:  0.68,  Val Loss:  0.69,  Val Acc: 73.81%,
*Val Macro Avg F1-Score:  0.2123,  Time: 0:00:08
==========

Epoch [5/200]
Train Loss:  0.68,  Val Loss:  0.68,  Val Acc: 73.81%,
*Val Macro Avg F1-Score:  0.2123,  Time: 0:00:09
==========

Epoch [6/200]
Train Loss:  0.68,  Val Loss:  0.68,  Val Acc: 73.81%,
*Val Macro Avg F1-Score:  0.2123,  Time: 0:00:11
==========

Epoch [7/200]
Train Loss:  0.67,  Val Loss:  0.67,  Val Acc: 73.81%,
*Val Macro Avg F1-Score:  0.2123,  Time: 0:00:13
==========

Epoch [8/200]
Train Loss:  0.66,  Val Loss:  0.66,  Val Acc: 73.81%,
*Val Macro Avg F1-Score:  0.2123,  Time: 0:00:14
==========

Epoch [9/200]
Train Loss:  0.63,  Val Loss:  0.63,  Val Acc: 73.81%,
*Val Macro Avg F1-Score:  0.2123,  Time: 0:00:16
==========

Epoch [10/200]
Train Loss:  0.57,  Val Loss:  0.61,  Val Acc: 75.06%,
*Val Macro Avg F1-Score:  0.2442,  Time: 0:00:17
Best Val Macro Avg F1-Score Update!

Mode of test;  Loss:   0.6,  Acc: 77.86%,  Weighted-F1: 74.43%
Precision, Recall and F1-Score...
              precision    recall  f1-score   support

     Class 0     0.7837    0.9899    0.8748       593
     Class 1     0.5789    0.0769    0.1358       143
     Class 2     0.0000    0.0000    0.0000        25
     Class 3     0.0000    0.0000    0.0000         7

    accuracy                         0.7786       768
   macro avg     0.3407    0.2667    0.2527       768
weighted avg     0.7129    0.7786    0.7008       768

Confusion Matrix...
[[587   6   0   0]
 [132  11   0   0]
 [ 24   1   0   0]
 [  6   1   0   0]]
Time usage: 0:00:00
==========

Epoch [11/200]
Train Loss:  0.53,  Val Loss:  0.61,  Val Acc: 74.69%,
*Val Macro Avg F1-Score:  0.3175,  Time: 0:00:19
Best Val Macro Avg F1-Score Update!

Mode of test;  Loss:  0.61,  Acc: 75.26%,  Weighted-F1: 73.02%
Precision, Recall and F1-Score...
              precision    recall  f1-score   support

     Class 0     0.8253    0.8921    0.8574       593
     Class 1     0.3858    0.3427    0.3630       143
     Class 2     0.0000    0.0000    0.0000        25
     Class 3     0.0000    0.0000    0.0000         7

    accuracy                         0.7526       768
   macro avg     0.3028    0.3087    0.3051       768
weighted avg     0.7091    0.7526    0.7296       768

Confusion Matrix...
[[529  64   0   0]
 [ 94  49   0   0]
 [ 14  11   0   0]
 [  4   3   0   0]]
Time usage: 0:00:00
==========

Epoch [12/200]
Train Loss:  0.49,  Val Loss:  0.66,  Val Acc: 73.18%,
*Val Macro Avg F1-Score:  0.3223,  Time: 0:00:21
Best Val Macro Avg F1-Score Update!

Mode of test;  Loss:  0.69,  Acc: 73.83%,  Weighted-F1: 72.73%
Precision, Recall and F1-Score...
              precision    recall  f1-score   support

     Class 0     0.8375    0.8516    0.8445       593
     Class 1     0.3758    0.4336    0.4026       143
     Class 2     0.0000    0.0000    0.0000        25
     Class 3     0.0000    0.0000    0.0000         7

    accuracy                         0.7383       768
   macro avg     0.3033    0.3213    0.3118       768
weighted avg     0.7166    0.7383    0.7270       768

Confusion Matrix...
[[505  88   0   0]
 [ 81  62   0   0]
 [ 13  12   0   0]
 [  4   3   0   0]]
Time usage: 0:00:00
==========

Epoch [13/200]
Train Loss:  0.44,  Val Loss:  0.75,  Val Acc: 72.93%,
*Val Macro Avg F1-Score:  0.3206,  Time: 0:00:23
==========

Epoch [14/200]
Train Loss:  0.38,  Val Loss:  0.91,  Val Acc: 72.31%,
*Val Macro Avg F1-Score:  0.3206,  Time: 0:00:24
==========

Epoch [15/200]
Train Loss:  0.35,  Val Loss:   1.1,  Val Acc: 71.43%,
*Val Macro Avg F1-Score:  0.3462,  Time: 0:00:26
Best Val Macro Avg F1-Score Update!

Mode of test;  Loss:   1.1,  Acc: 71.61%,  Weighted-F1: 71.88%
Precision, Recall and F1-Score...
              precision    recall  f1-score   support

     Class 0     0.8470    0.8027    0.8242       593
     Class 1     0.3627    0.5175    0.4265       143
     Class 2     0.0000    0.0000    0.0000        25
     Class 3     0.0000    0.0000    0.0000         7

    accuracy                         0.7161       768
   macro avg     0.3024    0.3300    0.3127       768
weighted avg     0.7215    0.7161    0.7158       768

Confusion Matrix...
[[476 116   1   0]
 [ 69  74   0   0]
 [ 13  12   0   0]
 [  4   2   1   0]]
Time usage: 0:00:00
==========

Epoch [16/200]
Train Loss:  0.33,  Val Loss:  0.96,  Val Acc: 74.56%,
*Val Macro Avg F1-Score:  0.3518,  Time: 0:00:28
Best Val Macro Avg F1-Score Update!

Mode of test;  Loss:  0.96,  Acc: 76.95%,  Weighted-F1: 74.56%
Precision, Recall and F1-Score...
              precision    recall  f1-score   support

     Class 0     0.8292    0.9089    0.8673       593
     Class 1     0.4444    0.3636    0.4000       143
     Class 2     0.0000    0.0000    0.0000        25
     Class 3     0.0000    0.0000    0.0000         7

    accuracy                         0.7695       768
   macro avg     0.3184    0.3181    0.3168       768
weighted avg     0.7230    0.7695    0.7441       768

Confusion Matrix...
[[539  54   0   0]
 [ 91  52   0   0]
 [ 16   9   0   0]
 [  4   2   1   0]]
Time usage: 0:00:00
==========

Epoch [17/200]
Train Loss:  0.24,  Val Loss:   1.1,  Val Acc: 73.43%,
*Val Macro Avg F1-Score:  0.3354,  Time: 0:00:29
==========

Epoch [18/200]
Train Loss:  0.19,  Val Loss:   1.4,  Val Acc: 72.06%,
*Val Macro Avg F1-Score:  0.3231,  Time: 0:00:31
==========

Epoch [19/200]
Train Loss:  0.19,  Val Loss:   1.2,  Val Acc: 69.42%,
*Val Macro Avg F1-Score:  0.3179,  Time: 0:00:32
==========

Epoch [20/200]
Train Loss:   0.2,  Val Loss:   1.0,  Val Acc: 72.93%,
*Val Macro Avg F1-Score:  0.3163,  Time: 0:00:34
==========

Epoch [21/200]
Train Loss:  0.16,  Val Loss:   1.4,  Val Acc: 73.56%,
*Val Macro Avg F1-Score:     0.3,  Time: 0:00:35
==========

Epoch [22/200]
Train Loss: 0.083,  Val Loss:   1.5,  Val Acc: 71.68%,
*Val Macro Avg F1-Score:  0.3391,  Time: 0:00:36
==========

Epoch [23/200]
Train Loss: 0.055,  Val Loss:   1.7,  Val Acc: 71.68%,
*Val Macro Avg F1-Score:  0.3513,  Time: 0:00:38
==========

Epoch [24/200]
Train Loss:  0.04,  Val Loss:   1.8,  Val Acc: 69.05%,
*Val Macro Avg F1-Score:  0.3314,  Time: 0:00:39
==========

Epoch [25/200]
Train Loss: 0.036,  Val Loss:   2.0,  Val Acc: 68.05%,
*Val Macro Avg F1-Score:  0.3337,  Time: 0:00:41
==========

Epoch [26/200]
Train Loss: 0.033,  Val Loss:   1.9,  Val Acc: 69.17%,
*Val Macro Avg F1-Score:  0.3332,  Time: 0:00:42
==========

Epoch [27/200]
Train Loss: 0.034,  Val Loss:   2.0,  Val Acc: 70.43%,
*Val Macro Avg F1-Score:  0.3332,  Time: 0:00:43
==========

Epoch [28/200]
Train Loss: 0.029,  Val Loss:   2.0,  Val Acc: 72.31%,
*Val Macro Avg F1-Score:  0.3294,  Time: 0:00:45
==========

Epoch [29/200]
Train Loss: 0.019,  Val Loss:   2.0,  Val Acc: 71.93%,
*Val Macro Avg F1-Score:  0.3271,  Time: 0:00:46
==========

Epoch [30/200]
Train Loss: 0.013,  Val Loss:   2.0,  Val Acc: 72.18%,
*Val Macro Avg F1-Score:  0.3278,  Time: 0:00:48
==========

Epoch [31/200]
Train Loss: 0.011,  Val Loss:   2.1,  Val Acc: 71.68%,
*Val Macro Avg F1-Score:  0.3257,  Time: 0:00:49
==========

Epoch [32/200]
Train Loss: 0.011,  Val Loss:   2.1,  Val Acc: 71.55%,
*Val Macro Avg F1-Score:  0.3244,  Time: 0:00:50
==========

Epoch [33/200]
Train Loss: 0.0094,  Val Loss:   2.1,  Val Acc: 71.43%,
*Val Macro Avg F1-Score:  0.3226,  Time: 0:00:51
==========

Epoch [34/200]
Train Loss: 0.0085,  Val Loss:   2.1,  Val Acc: 71.30%,
*Val Macro Avg F1-Score:  0.3213,  Time: 0:00:53
==========

Epoch [35/200]
Train Loss: 0.0082,  Val Loss:   2.1,  Val Acc: 71.55%,
*Val Macro Avg F1-Score:  0.3247,  Time: 0:00:54
==========

Epoch [36/200]
Train Loss: 0.0077,  Val Loss:   2.1,  Val Acc: 71.43%,
*Val Macro Avg F1-Score:  0.3226,  Time: 0:00:55
==========


No optimization for a long time, auto-stopping...
So, model in epoch 16 should be chosen for test
The timestamp of this experiment: 17449630085477865
