Starting the task of `intention detection`...

==========
The timestamp of this experiment: 17377753427477953
==========

Epoch [1/200]
Train Loss:   1.6,  Val Loss:   1.3,  Val Acc: 26.43%,
*Val Macro Avg F1-Score: 0.08536,  Time: 0:00:06
Best Val Macro Avg F1-Score Update!

Mode of test;  Loss:   1.3,  Acc: 23.25%
Precision, Recall and F1-Score...
              precision    recall  f1-score   support

     Class 0     0.0000    0.0000    0.0000        40
     Class 1     0.1667    0.0037    0.0072       270
     Class 2     1.0000    0.0033    0.0066       302
     Class 3     0.2320    0.9892    0.3759       186
     Class 4     0.0000    0.0000    0.0000         2

    accuracy                         0.2325       800
   macro avg     0.2797    0.1993    0.0779       800
weighted avg     0.4877    0.2325    0.0923       800

Confusion Matrix...
[[  0   0   0  40   0]
 [  0   1   0 269   0]
 [  0   3   1 298   0]
 [  0   2   0 184   0]
 [  0   0   0   2   0]]
Time usage: 0:00:01
==========

Epoch [2/200]
Train Loss:   1.3,  Val Loss:   1.2,  Val Acc: 44.14%,
*Val Macro Avg F1-Score:  0.2185,  Time: 0:00:11
Best Val Macro Avg F1-Score Update!

Mode of test;  Loss:   1.2,  Acc: 42.88%
Precision, Recall and F1-Score...
              precision    recall  f1-score   support

     Class 0     0.0000    0.0000    0.0000        40
     Class 1     0.0000    0.0000    0.0000       270
     Class 2     0.4431    0.7219    0.5491       302
     Class 3     0.4058    0.6720    0.5061       186
     Class 4     0.0000    0.0000    0.0000         2

    accuracy                         0.4288       800
   macro avg     0.1698    0.2788    0.2110       800
weighted avg     0.2616    0.4288    0.3250       800

Confusion Matrix...
[[  0   0  27  13   0]
 [  0   0 185  85   0]
 [  0   0 218  84   0]
 [  0   0  61 125   0]
 [  0   0   1   1   0]]
Time usage: 0:00:01
==========

Epoch [3/200]
Train Loss:   1.2,  Val Loss:   1.2,  Val Acc: 47.66%,
*Val Macro Avg F1-Score:   0.273,  Time: 0:00:16
Best Val Macro Avg F1-Score Update!

Mode of test;  Loss:   1.2,  Acc: 48.62%
Precision, Recall and F1-Score...
              precision    recall  f1-score   support

     Class 0     0.0000    0.0000    0.0000        40
     Class 1     0.6575    0.1778    0.2799       270
     Class 2     0.4767    0.7450    0.5814       302
     Class 3     0.4549    0.6237    0.5261       186
     Class 4     0.0000    0.0000    0.0000         2

    accuracy                         0.4863       800
   macro avg     0.3178    0.3093    0.2775       800
weighted avg     0.5076    0.4863    0.4363       800

Confusion Matrix...
[[  0   2  26  12   0]
 [  0  48 154  68   0]
 [  0  19 225  58   0]
 [  0   4  66 116   0]
 [  0   0   1   1   0]]
Time usage: 0:00:01
==========

Epoch [4/200]
Train Loss:   1.1,  Val Loss:   1.1,  Val Acc: 48.70%,
*Val Macro Avg F1-Score:  0.2962,  Time: 0:00:21
Best Val Macro Avg F1-Score Update!

Mode of test;  Loss:   1.2,  Acc: 50.12%
Precision, Recall and F1-Score...
              precision    recall  f1-score   support

     Class 0     0.0000    0.0000    0.0000        40
     Class 1     0.5725    0.2926    0.3873       270
     Class 2     0.4905    0.6854    0.5718       302
     Class 3     0.4792    0.6183    0.5399       186
     Class 4     0.0000    0.0000    0.0000         2

    accuracy                         0.5012       800
   macro avg     0.3084    0.3193    0.2998       800
weighted avg     0.4898    0.5012    0.4721       800

Confusion Matrix...
[[  0   3  24  13   0]
 [  0  79 130  61   0]
 [  0  45 207  50   0]
 [  0  11  60 115   0]
 [  0   0   1   1   0]]
Time usage: 0:00:01
==========

Epoch [5/200]
Train Loss:   1.0,  Val Loss:   1.1,  Val Acc: 51.56%,
*Val Macro Avg F1-Score:  0.3399,  Time: 0:00:25
Best Val Macro Avg F1-Score Update!

Mode of test;  Loss:   1.1,  Acc: 50.00%
Precision, Recall and F1-Score...
              precision    recall  f1-score   support

     Class 0     0.6667    0.0500    0.0930        40
     Class 1     0.5410    0.3667    0.4371       270
     Class 2     0.4913    0.6523    0.5605       302
     Class 3     0.4789    0.5484    0.5113       186
     Class 4     0.0000    0.0000    0.0000         2

    accuracy                         0.5000       800
   macro avg     0.4356    0.3235    0.3204       800
weighted avg     0.5127    0.5000    0.4826       800

Confusion Matrix...
[[  2   6  21  11   0]
 [  0  99 118  53   0]
 [  1  58 197  46   0]
 [  0  20  64 102   0]
 [  0   0   1   1   0]]
Time usage: 0:00:01
==========

Epoch [6/200]
Train Loss:  0.94,  Val Loss:   1.1,  Val Acc: 51.43%,
*Val Macro Avg F1-Score:  0.3577,  Time: 0:00:30
Best Val Macro Avg F1-Score Update!

Mode of test;  Loss:   1.2,  Acc: 49.00%
Precision, Recall and F1-Score...
              precision    recall  f1-score   support

     Class 0     0.6000    0.1500    0.2400        40
     Class 1     0.5050    0.3741    0.4298       270
     Class 2     0.4776    0.6358    0.5455       302
     Class 3     0.4947    0.5000    0.4973       186
     Class 4     0.0000    0.0000    0.0000         2

    accuracy                         0.4900       800
   macro avg     0.4155    0.3320    0.3425       800
weighted avg     0.4957    0.4900    0.4786       800

Confusion Matrix...
[[  6   7  18   9   0]
 [  1 101 123  45   0]
 [  2  68 192  40   0]
 [  1  24  68  93   0]
 [  0   0   1   1   0]]
Time usage: 0:00:01
==========

Epoch [7/200]
Train Loss:  0.84,  Val Loss:   1.2,  Val Acc: 50.52%,
*Val Macro Avg F1-Score:  0.3643,  Time: 0:00:34
Best Val Macro Avg F1-Score Update!

Mode of test;  Loss:   1.3,  Acc: 48.88%
Precision, Recall and F1-Score...
              precision    recall  f1-score   support

     Class 0     0.4545    0.1250    0.1961        40
     Class 1     0.5160    0.4185    0.4622       270
     Class 2     0.4954    0.5364    0.5151       302
     Class 3     0.4568    0.5968    0.5175       186
     Class 4     0.0000    0.0000    0.0000         2

    accuracy                         0.4888       800
   macro avg     0.3845    0.3353    0.3382       800
weighted avg     0.4901    0.4888    0.4806       800

Confusion Matrix...
[[  5   9  15  11   0]
 [  1 113  93  63   0]
 [  4  79 162  57   0]
 [  1  18  56 111   0]
 [  0   0   1   1   0]]
Time usage: 0:00:01
==========

Epoch [8/200]
Train Loss:  0.76,  Val Loss:   1.3,  Val Acc: 51.04%,
*Val Macro Avg F1-Score:  0.3729,  Time: 0:00:39
Best Val Macro Avg F1-Score Update!

Mode of test;  Loss:   1.4,  Acc: 49.38%
Precision, Recall and F1-Score...
              precision    recall  f1-score   support

     Class 0     0.4615    0.1500    0.2264        40
     Class 1     0.5062    0.4556    0.4795       270
     Class 2     0.4910    0.5397    0.5142       302
     Class 3     0.4858    0.5538    0.5176       186
     Class 4     0.0000    0.0000    0.0000         2

    accuracy                         0.4938       800
   macro avg     0.3889    0.3398    0.3475       800
weighted avg     0.4922    0.4938    0.4876       800

Confusion Matrix...
[[  6   8  17   9   0]
 [  2 123  93  52   0]
 [  4  88 163  47   0]
 [  1  24  58 103   0]
 [  0   0   1   1   0]]
Time usage: 0:00:01
==========

Epoch [9/200]
Train Loss:  0.67,  Val Loss:   1.4,  Val Acc: 50.26%,
*Val Macro Avg F1-Score:  0.3665,  Time: 0:00:43
==========

Epoch [10/200]
Train Loss:  0.57,  Val Loss:   1.5,  Val Acc: 50.26%,
*Val Macro Avg F1-Score:  0.3674,  Time: 0:00:47
==========

Epoch [11/200]
Train Loss:  0.52,  Val Loss:   1.7,  Val Acc: 49.87%,
*Val Macro Avg F1-Score:  0.3649,  Time: 0:00:50
==========

Epoch [12/200]
Train Loss:  0.45,  Val Loss:   1.6,  Val Acc: 49.87%,
*Val Macro Avg F1-Score:  0.3706,  Time: 0:00:54
==========

Epoch [13/200]
Train Loss:  0.38,  Val Loss:   1.7,  Val Acc: 47.92%,
*Val Macro Avg F1-Score:   0.361,  Time: 0:00:57
==========

Epoch [14/200]
Train Loss:  0.31,  Val Loss:   1.9,  Val Acc: 49.48%,
*Val Macro Avg F1-Score:  0.3662,  Time: 0:01:01
==========

Epoch [15/200]
Train Loss:  0.25,  Val Loss:   2.0,  Val Acc: 48.83%,
*Val Macro Avg F1-Score:  0.3529,  Time: 0:01:04
==========

Epoch [16/200]
Train Loss:  0.22,  Val Loss:   2.1,  Val Acc: 49.74%,
*Val Macro Avg F1-Score:  0.3636,  Time: 0:01:07
==========

Epoch [17/200]
Train Loss:  0.21,  Val Loss:   2.1,  Val Acc: 48.57%,
*Val Macro Avg F1-Score:  0.3653,  Time: 0:01:11
==========

Epoch [18/200]
Train Loss:  0.17,  Val Loss:   2.3,  Val Acc: 48.05%,
*Val Macro Avg F1-Score:  0.3428,  Time: 0:01:14
==========

Epoch [19/200]
Train Loss:  0.15,  Val Loss:   2.4,  Val Acc: 48.05%,
*Val Macro Avg F1-Score:   0.351,  Time: 0:01:17
==========

Epoch [20/200]
Train Loss:  0.14,  Val Loss:   2.4,  Val Acc: 49.35%,
*Val Macro Avg F1-Score:  0.3588,  Time: 0:01:20
==========

Epoch [21/200]
Train Loss:  0.12,  Val Loss:   2.5,  Val Acc: 47.66%,
*Val Macro Avg F1-Score:   0.343,  Time: 0:01:23
==========

Epoch [22/200]
Train Loss:  0.13,  Val Loss:   2.6,  Val Acc: 47.92%,
*Val Macro Avg F1-Score:  0.3495,  Time: 0:01:26
==========

Epoch [23/200]
Train Loss:  0.13,  Val Loss:   2.6,  Val Acc: 48.05%,
*Val Macro Avg F1-Score:  0.3451,  Time: 0:01:29
==========

Epoch [24/200]
Train Loss:  0.14,  Val Loss:   2.7,  Val Acc: 47.53%,
*Val Macro Avg F1-Score:  0.3366,  Time: 0:01:32
==========

Epoch [25/200]
Train Loss:  0.18,  Val Loss:   2.7,  Val Acc: 47.27%,
*Val Macro Avg F1-Score:  0.3399,  Time: 0:01:35
==========

Epoch [26/200]
Train Loss:   0.2,  Val Loss:   3.0,  Val Acc: 42.32%,
*Val Macro Avg F1-Score:   0.304,  Time: 0:01:38
==========

Epoch [27/200]
Train Loss:  0.24,  Val Loss:   3.1,  Val Acc: 43.88%,
*Val Macro Avg F1-Score:  0.3136,  Time: 0:01:42
==========

Epoch [28/200]
Train Loss:  0.31,  Val Loss:   2.3,  Val Acc: 48.83%,
*Val Macro Avg F1-Score:  0.3589,  Time: 0:01:44
==========


No optimization for a long time, auto-stopping...
So, model in epoch 8 should be chosen for test
The timestamp of this experiment: 17377753427477953
