Starting the task of `sentiment category`...

==========
The timestamp of this experiment: 17449610978878927
==========

Epoch [1/200]
Train Loss:   3.0,  Val Loss:   2.0,  Val Acc: 25.26%,
*Val Macro Avg F1-Score: 0.08607,  Time: 0:00:02
Best Val Macro Avg F1-Score Update!

Mode of test;  Loss:   2.0,  Acc: 28.50%,  Weighted-F1: 19.57%
Precision, Recall and F1-Score...
              precision    recall  f1-score   support

     Class 0     0.2946    0.8927    0.4430       233
     Class 1     0.1951    0.0630    0.0952       127
     Class 2     0.0000    0.0000    0.0000       111
     Class 3     0.2264    0.1053    0.1437       114
     Class 4     0.0000    0.0000    0.0000        27
     Class 5     0.0000    0.0000    0.0000       134
     Class 6     0.0000    0.0000    0.0000        54

    accuracy                         0.2850       800
   macro avg     0.1023    0.1516    0.0974       800
weighted avg     0.1490    0.2850    0.1646       800

Confusion Matrix...
[[208  14   0  11   0   0   0]
 [107   8   0  12   0   0   0]
 [100   4   0   7   0   0   0]
 [ 94   8   0  12   0   0   0]
 [ 22   1   0   4   0   0   0]
 [125   4   0   5   0   0   0]
 [ 50   2   0   2   0   0   0]]
Time usage: 0:00:00
==========

Epoch [2/200]
Train Loss:   2.0,  Val Loss:   2.1,  Val Acc: 25.65%,
*Val Macro Avg F1-Score: 0.05851,  Time: 0:00:03
==========

Epoch [3/200]
Train Loss:   1.9,  Val Loss:   2.0,  Val Acc: 25.78%,
*Val Macro Avg F1-Score: 0.06125,  Time: 0:00:04
==========

Epoch [4/200]
Train Loss:   1.8,  Val Loss:   1.9,  Val Acc: 26.82%,
*Val Macro Avg F1-Score: 0.08659,  Time: 0:00:05
Best Val Macro Avg F1-Score Update!

Mode of test;  Loss:   1.9,  Acc: 31.50%,  Weighted-F1: 30.24%
Precision, Recall and F1-Score...
              precision    recall  f1-score   support

     Class 0     0.3019    0.9742    0.4609       233
     Class 1     0.9000    0.0709    0.1314       127
     Class 2     0.0000    0.0000    0.0000       111
     Class 3     0.4211    0.1404    0.2105       114
     Class 4     0.0000    0.0000    0.0000        27
     Class 5     0.0000    0.0000    0.0000       134
     Class 6     0.0000    0.0000    0.0000        54

    accuracy                         0.3150       800
   macro avg     0.2318    0.1694    0.1147       800
weighted avg     0.2908    0.3150    0.1851       800

Confusion Matrix...
[[227   0   0   6   0   0   0]
 [111   9   0   7   0   0   0]
 [110   0   0   1   0   0   0]
 [ 98   0   0  16   0   0   0]
 [ 23   0   0   4   0   0   0]
 [130   1   0   3   0   0   0]
 [ 53   0   0   1   0   0   0]]
Time usage: 0:00:00
==========

Epoch [5/200]
Train Loss:   1.8,  Val Loss:   1.9,  Val Acc: 28.65%,
*Val Macro Avg F1-Score:  0.1248,  Time: 0:00:07
Best Val Macro Avg F1-Score Update!

Mode of test;  Loss:   1.8,  Acc: 33.25%,  Weighted-F1: 28.01%
Precision, Recall and F1-Score...
              precision    recall  f1-score   support

     Class 0     0.3097    0.9356    0.4653       233
     Class 1     0.5435    0.1969    0.2890       127
     Class 2     0.0000    0.0000    0.0000       111
     Class 3     0.4600    0.2018    0.2805       114
     Class 4     0.0000    0.0000    0.0000        27
     Class 5     0.0000    0.0000    0.0000       134
     Class 6     0.0000    0.0000    0.0000        54

    accuracy                         0.3325       800
   macro avg     0.1876    0.1906    0.1478       800
weighted avg     0.2420    0.3325    0.2214       800

Confusion Matrix...
[[218   7   0   8   0   0   0]
 [ 97  25   0   5   0   0   0]
 [104   4   0   3   0   0   0]
 [ 84   7   0  23   0   0   0]
 [ 20   1   0   6   0   0   0]
 [128   2   0   4   0   0   0]
 [ 53   0   0   1   0   0   0]]
Time usage: 0:00:00
==========

Epoch [6/200]
Train Loss:   1.7,  Val Loss:   1.8,  Val Acc: 30.47%,
*Val Macro Avg F1-Score:  0.1478,  Time: 0:00:08
Best Val Macro Avg F1-Score Update!

Mode of test;  Loss:   1.8,  Acc: 35.12%,  Weighted-F1: 36.68%
Precision, Recall and F1-Score...
              precision    recall  f1-score   support

     Class 0     0.3244    0.8798    0.4740       233
     Class 1     0.6250    0.2756    0.3825       127
     Class 2     1.0000    0.0090    0.0179       111
     Class 3     0.3604    0.3509    0.3556       114
     Class 4     0.0000    0.0000    0.0000        27
     Class 5     0.0000    0.0000    0.0000       134
     Class 6     0.0000    0.0000    0.0000        54

    accuracy                         0.3513       800
   macro avg     0.3300    0.2165    0.1757       800
weighted avg     0.3838    0.3513    0.2519       800

Confusion Matrix...
[[205  11   0  17   0   0   0]
 [ 80  35   0  12   0   0   0]
 [ 95   4   1  11   0   0   0]
 [ 72   2   0  40   0   0   0]
 [ 17   0   0  10   0   0   0]
 [117   3   0  14   0   0   0]
 [ 46   1   0   7   0   0   0]]
Time usage: 0:00:00
==========

Epoch [7/200]
Train Loss:   1.6,  Val Loss:   1.8,  Val Acc: 33.20%,
*Val Macro Avg F1-Score:  0.1909,  Time: 0:00:09
Best Val Macro Avg F1-Score Update!

Mode of test;  Loss:   1.7,  Acc: 36.50%,  Weighted-F1: 33.43%
Precision, Recall and F1-Score...
              precision    recall  f1-score   support

     Class 0     0.3483    0.8670    0.4969       233
     Class 1     0.5676    0.3307    0.4179       127
     Class 2     0.2182    0.1081    0.1446       111
     Class 3     0.4118    0.3070    0.3518       114
     Class 4     0.0000    0.0000    0.0000        27
     Class 5     0.1667    0.0075    0.0143       134
     Class 6     0.0000    0.0000    0.0000        54

    accuracy                         0.3650       800
   macro avg     0.2446    0.2315    0.2036       800
weighted avg     0.3084    0.3650    0.2837       800

Confusion Matrix...
[[202   9   8  13   0   1   0]
 [ 75  42   4   5   0   1   0]
 [ 82   3  12  12   0   2   0]
 [ 64   6   8  35   0   1   0]
 [ 17   1   2   7   0   0   0]
 [101   9  14   9   0   1   0]
 [ 39   4   7   4   0   0   0]]
Time usage: 0:00:00
==========

Epoch [8/200]
Train Loss:   1.6,  Val Loss:   1.8,  Val Acc: 35.68%,
*Val Macro Avg F1-Score:  0.2332,  Time: 0:00:11
Best Val Macro Avg F1-Score Update!

Mode of test;  Loss:   1.7,  Acc: 36.62%,  Weighted-F1: 35.28%
Precision, Recall and F1-Score...
              precision    recall  f1-score   support

     Class 0     0.3720    0.7296    0.4928       233
     Class 1     0.5060    0.3307    0.4000       127
     Class 2     0.2450    0.3333    0.2824       111
     Class 3     0.4342    0.2895    0.3474       114
     Class 4     0.0000    0.0000    0.0000        27
     Class 5     0.3333    0.0821    0.1317       134
     Class 6     0.0000    0.0000    0.0000        54

    accuracy                         0.3663       800
   macro avg     0.2701    0.2522    0.2363       800
weighted avg     0.3404    0.3663    0.3178       800

Confusion Matrix...
[[170  16  29   9   0   9   0]
 [ 66  42  10   5   0   4   0]
 [ 57   5  37   8   0   4   0]
 [ 59   8  11  33   0   3   0]
 [ 12   1   5   8   0   1   0]
 [ 65   7  42   9   0  11   0]
 [ 28   4  17   4   0   1   0]]
Time usage: 0:00:00
==========

Epoch [9/200]
Train Loss:   1.5,  Val Loss:   1.7,  Val Acc: 36.72%,
*Val Macro Avg F1-Score:  0.2667,  Time: 0:00:12
Best Val Macro Avg F1-Score Update!

Mode of test;  Loss:   1.7,  Acc: 37.75%,  Weighted-F1: 35.64%
Precision, Recall and F1-Score...
              precision    recall  f1-score   support

     Class 0     0.4370    0.5064    0.4692       233
     Class 1     0.3957    0.4331    0.4135       127
     Class 2     0.2979    0.2523    0.2732       111
     Class 3     0.3524    0.3246    0.3379       114
     Class 4     0.0000    0.0000    0.0000        27
     Class 5     0.3333    0.4776    0.3926       134
     Class 6     0.0000    0.0000    0.0000        54

    accuracy                         0.3775       800
   macro avg     0.2595    0.2848    0.2695       800
weighted avg     0.3375    0.3775    0.3541       800

Confusion Matrix...
[[118  37  21  20   0  37   0]
 [ 40  55   8   9   0  15   0]
 [ 29   6  28  16   0  32   0]
 [ 36  15   6  37   0  20   0]
 [  3   3   5   8   0   8   0]
 [ 34  14  14   8   0  64   0]
 [ 10   9  12   7   0  16   0]]
Time usage: 0:00:00
==========

Epoch [10/200]
Train Loss:   1.3,  Val Loss:   1.8,  Val Acc: 37.24%,
*Val Macro Avg F1-Score:  0.2697,  Time: 0:00:13
Best Val Macro Avg F1-Score Update!

Mode of test;  Loss:   1.8,  Acc: 39.25%,  Weighted-F1: 40.52%
Precision, Recall and F1-Score...
              precision    recall  f1-score   support

     Class 0     0.4214    0.5751    0.4864       233
     Class 1     0.4348    0.3937    0.4132       127
     Class 2     0.3543    0.4054    0.3782       111
     Class 3     0.3871    0.3158    0.3478       114
     Class 4     0.0000    0.0000    0.0000        27
     Class 5     0.3288    0.3582    0.3429       134
     Class 6     1.0000    0.0185    0.0364        54

    accuracy                         0.3925       800
   macro avg     0.4181    0.2952    0.2864       800
weighted avg     0.4186    0.3925    0.3692       800

Confusion Matrix...
[[134  27  21  14   0  37   0]
 [ 48  50   6   9   0  14   0]
 [ 34   5  45  11   0  16   0]
 [ 40  14  12  36   0  12   0]
 [  5   1   5  10   0   6   0]
 [ 44  12  22   8   0  48   0]
 [ 13   6  16   5   0  13   1]]
Time usage: 0:00:00
==========

Epoch [11/200]
Train Loss:   1.2,  Val Loss:   1.8,  Val Acc: 37.50%,
*Val Macro Avg F1-Score:  0.2938,  Time: 0:00:14
Best Val Macro Avg F1-Score Update!

Mode of test;  Loss:   1.8,  Acc: 38.38%,  Weighted-F1: 40.07%
Precision, Recall and F1-Score...
              precision    recall  f1-score   support

     Class 0     0.4444    0.4464    0.4454       233
     Class 1     0.3812    0.4803    0.4251       127
     Class 2     0.3586    0.4685    0.4062       111
     Class 3     0.4375    0.3070    0.3608       114
     Class 4     0.0000    0.0000    0.0000        27
     Class 5     0.2961    0.3955    0.3387       134
     Class 6     1.0000    0.0370    0.0714        54

    accuracy                         0.3837       800
   macro avg     0.4168    0.3050    0.2925       800
weighted avg     0.4192    0.3837    0.3665       800

Confusion Matrix...
[[104  42  28  11   0  48   0]
 [ 36  61   8   6   0  16   0]
 [ 22   6  52  10   0  21   0]
 [ 29  20  13  35   0  17   0]
 [  2   1   8   7   0   9   0]
 [ 32  21  22   6   0  53   0]
 [  9   9  14   5   0  15   2]]
Time usage: 0:00:00
==========

Epoch [12/200]
Train Loss:   1.1,  Val Loss:   1.9,  Val Acc: 36.59%,
*Val Macro Avg F1-Score:  0.2983,  Time: 0:00:16
Best Val Macro Avg F1-Score Update!

Mode of test;  Loss:   1.9,  Acc: 40.38%,  Weighted-F1: 40.77%
Precision, Recall and F1-Score...
              precision    recall  f1-score   support

     Class 0     0.4249    0.6309    0.5078       233
     Class 1     0.4948    0.3780    0.4286       127
     Class 2     0.3219    0.4234    0.3658       111
     Class 3     0.4714    0.2895    0.3587       114
     Class 4     0.2000    0.0370    0.0625        27
     Class 5     0.3409    0.3358    0.3383       134
     Class 6     0.5000    0.0370    0.0690        54

    accuracy                         0.4037       800
   macro avg     0.3934    0.3045    0.3044       800
weighted avg     0.4117    0.4037    0.3812       800

Confusion Matrix...
[[147  23  27   7   1  28   0]
 [ 52  48   8   7   0  12   0]
 [ 35   2  47   8   2  17   0]
 [ 44   9  12  33   1  14   1]
 [  4   0   7   7   1   7   1]
 [ 47  11  26   5   0  45   0]
 [ 17   4  19   3   0   9   2]]
Time usage: 0:00:00
==========

Epoch [13/200]
Train Loss:   1.0,  Val Loss:   1.9,  Val Acc: 38.93%,
*Val Macro Avg F1-Score:  0.3348,  Time: 0:00:17
Best Val Macro Avg F1-Score Update!

Mode of test;  Loss:   1.9,  Acc: 41.00%,  Weighted-F1: 42.28%
Precision, Recall and F1-Score...
              precision    recall  f1-score   support

     Class 0     0.4865    0.4635    0.4747       233
     Class 1     0.4828    0.4409    0.4609       127
     Class 2     0.3464    0.4775    0.4015       111
     Class 3     0.4457    0.3596    0.3981       114
     Class 4     0.4000    0.0741    0.1250        27
     Class 5     0.3140    0.4851    0.3812       134
     Class 6     0.6000    0.0556    0.1017        54

    accuracy                         0.4100       800
   macro avg     0.4393    0.3366    0.3347       800
weighted avg     0.4365    0.4100    0.3988       800

Confusion Matrix...
[[108  28  29  14   2  52   0]
 [ 37  56   8   6   0  20   0]
 [ 18   2  53  10   1  27   0]
 [ 26   9  14  41   0  23   1]
 [  2   0   6   8   2   8   1]
 [ 22  12  26   9   0  65   0]
 [  9   9  17   4   0  12   3]]
Time usage: 0:00:00
==========

Epoch [14/200]
Train Loss:  0.96,  Val Loss:   1.9,  Val Acc: 37.89%,
*Val Macro Avg F1-Score:  0.3214,  Time: 0:00:18
==========

Epoch [15/200]
Train Loss:  0.89,  Val Loss:   2.0,  Val Acc: 36.59%,
*Val Macro Avg F1-Score:  0.3104,  Time: 0:00:19
==========

Epoch [16/200]
Train Loss:  0.82,  Val Loss:   2.1,  Val Acc: 36.98%,
*Val Macro Avg F1-Score:  0.3104,  Time: 0:00:20
==========

Epoch [17/200]
Train Loss:  0.73,  Val Loss:   2.2,  Val Acc: 36.59%,
*Val Macro Avg F1-Score:  0.3159,  Time: 0:00:22
==========

Epoch [18/200]
Train Loss:  0.68,  Val Loss:   2.2,  Val Acc: 37.11%,
*Val Macro Avg F1-Score:   0.325,  Time: 0:00:23
==========

Epoch [19/200]
Train Loss:  0.65,  Val Loss:   2.2,  Val Acc: 38.54%,
*Val Macro Avg F1-Score:  0.3174,  Time: 0:00:24
==========

Epoch [20/200]
Train Loss:   0.6,  Val Loss:   2.2,  Val Acc: 37.50%,
*Val Macro Avg F1-Score:  0.3169,  Time: 0:00:25
==========

Epoch [21/200]
Train Loss:  0.59,  Val Loss:   2.2,  Val Acc: 37.89%,
*Val Macro Avg F1-Score:   0.317,  Time: 0:00:26
==========

Epoch [22/200]
Train Loss:  0.55,  Val Loss:   2.3,  Val Acc: 38.41%,
*Val Macro Avg F1-Score:   0.328,  Time: 0:00:27
==========

Epoch [23/200]
Train Loss:  0.54,  Val Loss:   2.3,  Val Acc: 37.76%,
*Val Macro Avg F1-Score:  0.3236,  Time: 0:00:28
==========

Epoch [24/200]
Train Loss:  0.53,  Val Loss:   2.3,  Val Acc: 38.41%,
*Val Macro Avg F1-Score:  0.3159,  Time: 0:00:29
==========

Epoch [25/200]
Train Loss:  0.48,  Val Loss:   2.4,  Val Acc: 38.15%,
*Val Macro Avg F1-Score:  0.3089,  Time: 0:00:30
==========

Epoch [26/200]
Train Loss:  0.45,  Val Loss:   2.4,  Val Acc: 38.93%,
*Val Macro Avg F1-Score:  0.3295,  Time: 0:00:31
==========

Epoch [27/200]
Train Loss:  0.43,  Val Loss:   2.4,  Val Acc: 38.54%,
*Val Macro Avg F1-Score:  0.3257,  Time: 0:00:32
==========

Epoch [28/200]
Train Loss:  0.42,  Val Loss:   2.4,  Val Acc: 38.02%,
*Val Macro Avg F1-Score:  0.3163,  Time: 0:00:34
==========

Epoch [29/200]
Train Loss:   0.4,  Val Loss:   2.4,  Val Acc: 38.28%,
*Val Macro Avg F1-Score:  0.3244,  Time: 0:00:35
==========

Epoch [30/200]
Train Loss:   0.4,  Val Loss:   2.4,  Val Acc: 38.15%,
*Val Macro Avg F1-Score:  0.3226,  Time: 0:00:36
==========

Epoch [31/200]
Train Loss:  0.39,  Val Loss:   2.5,  Val Acc: 38.28%,
*Val Macro Avg F1-Score:  0.3214,  Time: 0:00:37
==========

Epoch [32/200]
Train Loss:  0.38,  Val Loss:   2.5,  Val Acc: 38.28%,
*Val Macro Avg F1-Score:  0.3239,  Time: 0:00:38
==========

Epoch [33/200]
Train Loss:  0.38,  Val Loss:   2.5,  Val Acc: 38.28%,
*Val Macro Avg F1-Score:  0.3214,  Time: 0:00:39
==========


No optimization for a long time, auto-stopping...
So, model in epoch 13 should be chosen for test
The timestamp of this experiment: 17449610978878927
